<?xml version="1.0" encoding="UTF-8"?>
<!-- Generated by org.testng.reporters.JUnitReportReporter -->
<testsuite hostname="RAJESH-PC" name="com.vTiger.TestCases.E2ELeadFunctionality" tests="1" failures="0" timestamp="8 Jul 2018 11:40:39 GMT" time="11.402" errors="0">
  <testcase name="verifyE2ELeads" time="11.402" classname="com.vTiger.TestCases.E2ELeadFunctionality"/>
</testsuite> <!-- com.vTiger.TestCases.E2ELeadFunctionality -->
