<?xml version="1.0" encoding="UTF-8"?>
<!-- Generated by org.testng.reporters.JUnitReportReporter -->
<testsuite skipped="0" hostname="RAJESH-PC" name="com.vTiger.TestCases.E2ELeadFunctionality" tests="1" failures="0" timestamp="07 Jul 2018 11:16:55 GMT" time="12.406" errors="0">
  <testcase name="verifyE2ELeads" time="12.406" classname="com.vTiger.TestCases.E2ELeadFunctionality"/>
</testsuite> <!-- com.vTiger.TestCases.E2ELeadFunctionality -->
