<?xml version="1.0" encoding="UTF-8"?>
<!-- Generated by org.testng.reporters.JUnitReportReporter -->
<testsuite skipped="0" hostname="RAJESH-PC" name="com.vTiger.TestCases.verifyLoginTestCases" tests="3" failures="0" timestamp="07 Jul 2018 11:16:55 GMT" time="4.793" errors="0">
  <testcase name="verifyInvalidLogin" time="1.529" classname="com.vTiger.TestCases.verifyLoginTestCases"/>
  <testcase name="verifyloginUIElements" time="0.075" classname="com.vTiger.TestCases.verifyLoginTestCases"/>
  <testcase name="verifyValidLogin" time="3.189" classname="com.vTiger.TestCases.verifyLoginTestCases"/>
</testsuite> <!-- com.vTiger.TestCases.verifyLoginTestCases -->
